<?xml version="1.0" encoding="UTF-8"?>
<!-- Generated by org.testng.reporters.JUnitReportReporter -->
<testsuite skipped="0" hostname="ip-172-31-81-201" name="restapi.PostRequest" tests="1" failures="0" timestamp="03 Dec 2021 07:27:20 GMT" time="1.405" errors="0">
  <testcase name="PostCall" time="1.405" classname="restapi.PostRequest"/>
</testsuite> <!-- restapi.PostRequest -->
