<?xml version="1.0" encoding="UTF-8"?>
<!-- Generated by org.testng.reporters.JUnitReportReporter -->
<testsuite skipped="0" hostname="ip-172-31-81-201" name="restapi.GetRequest" tests="1" failures="0" timestamp="03 Dec 2021 07:10:40 GMT" time="1.198" errors="0">
  <testcase name="GetCall" time="1.198" classname="restapi.GetRequest"/>
</testsuite> <!-- restapi.GetRequest -->
